  main.cpp
d:\用户目录\我的文档\visual studio 2015\projects\ba_edge\ba_edge\codelibrary/base/log.h(16): warning C4005: “_CRT_SECURE_NO_WARNINGS”: 宏重定义
  d:\用户目录\我的文档\visual studio 2015\projects\ba_edge\ba_edge\codelibrary/base/log.h(16): note: 命令行参数: 参见前面的“_CRT_SECURE_NO_WARNINGS”定义
D:\PCL 1.8.1\include\pcl-1.8\pcl/point_traits.h : warning C4819: 该文件包含不能在当前代码页(936)中表示的字符。请将该文件保存为 Unicode 格式以防止数据丢失
D:\PCL 1.8.1\include\pcl-1.8\pcl/visualization/interactor_style.h : warning C4819: 该文件包含不能在当前代码页(936)中表示的字符。请将该文件保存为 Unicode 格式以防止数据丢失
D:\PCL 1.8.1\include\pcl-1.8\pcl/visualization/pcl_visualizer.h(1585): warning C4819: 该文件包含不能在当前代码页(936)中表示的字符。请将该文件保存为 Unicode 格式以防止数据丢失
main.cpp(54): warning C4267: “初始化”: 从“size_t”转换到“int”，可能丢失数据
main.cpp(147): warning C4267: “参数”: 从“size_t”转换到“int”，可能丢失数据
main.cpp(153): warning C4267: “参数”: 从“size_t”转换到“int”，可能丢失数据
main.cpp(89): warning C4996: 'access': The POSIX name for this item is deprecated. Instead, use the ISO C and C++ conformant name: _access. See online help for details.
  C:\Program Files (x86)\Windows Kits\10\Include\10.0.10240.0\ucrt\corecrt_io.h(439): note: 参见“access”的声明
main.cpp(91): warning C4996: 'mkdir': The POSIX name for this item is deprecated. Instead, use the ISO C and C++ conformant name: _mkdir. See online help for details.
  C:\Program Files (x86)\Windows Kits\10\Include\10.0.10240.0\ucrt\direct.h(108): note: 参见“mkdir”的声明
main.cpp(94): warning C4996: 'access': The POSIX name for this item is deprecated. Instead, use the ISO C and C++ conformant name: _access. See online help for details.
  C:\Program Files (x86)\Windows Kits\10\Include\10.0.10240.0\ucrt\corecrt_io.h(439): note: 参见“access”的声明
main.cpp(96): warning C4996: 'mkdir': The POSIX name for this item is deprecated. Instead, use the ISO C and C++ conformant name: _mkdir. See online help for details.
  C:\Program Files (x86)\Windows Kits\10\Include\10.0.10240.0\ucrt\direct.h(108): note: 参见“mkdir”的声明
main.cpp(83): warning C4101: “cloudnum”: 未引用的局部变量
main.cpp(83): warning C4101: “pointnum”: 未引用的局部变量
d:\用户目录\我的文档\visual studio 2015\projects\ba_edge\ba_edge\codelibrary/base/array.h(242): warning C4244: “return”: 从“__int64”转换到“int”，可能丢失数据
  d:\用户目录\我的文档\visual studio 2015\projects\ba_edge\ba_edge\codelibrary/base/array.h(241): note: 编译类 模板 成员函数“int cl::Array<cl::RPoint3D>::size(void) const”时
  main.cpp(111): note: 参见对正在编译的函数 模板 实例化“int cl::Array<cl::RPoint3D>::size(void) const”的引用
  main.cpp(100): note: 参见对正在编译的类 模板 实例化“cl::Array<cl::RPoint3D>”的引用
  D:\PCL 1.8.1\3rdParty\Boost\include\boost-1_64\boost/bind/placeholders.hpp(54): note: 参见对正在编译的类 模板 实例化“boost::arg<9>”的引用
  D:\PCL 1.8.1\3rdParty\Boost\include\boost-1_64\boost/bind/placeholders.hpp(53): note: 参见对正在编译的类 模板 实例化“boost::arg<8>”的引用
  D:\PCL 1.8.1\3rdParty\Boost\include\boost-1_64\boost/bind/placeholders.hpp(52): note: 参见对正在编译的类 模板 实例化“boost::arg<7>”的引用
  D:\PCL 1.8.1\3rdParty\Boost\include\boost-1_64\boost/bind/placeholders.hpp(51): note: 参见对正在编译的类 模板 实例化“boost::arg<6>”的引用
  D:\PCL 1.8.1\3rdParty\Boost\include\boost-1_64\boost/bind/placeholders.hpp(50): note: 参见对正在编译的类 模板 实例化“boost::arg<5>”的引用
  D:\PCL 1.8.1\3rdParty\Boost\include\boost-1_64\boost/bind/placeholders.hpp(49): note: 参见对正在编译的类 模板 实例化“boost::arg<4>”的引用
  D:\PCL 1.8.1\3rdParty\Boost\include\boost-1_64\boost/bind/placeholders.hpp(48): note: 参见对正在编译的类 模板 实例化“boost::arg<3>”的引用
  D:\PCL 1.8.1\3rdParty\Boost\include\boost-1_64\boost/bind/placeholders.hpp(47): note: 参见对正在编译的类 模板 实例化“boost::arg<2>”的引用
  D:\PCL 1.8.1\3rdParty\Boost\include\boost-1_64\boost/bind/placeholders.hpp(46): note: 参见对正在编译的类 模板 实例化“boost::arg<1>”的引用
D:\PCL 1.8.1\include\pcl-1.8\pcl/visualization/impl/point_cloud_color_handlers.hpp(549): warning C4267: “参数”: 从“size_t”转换到“unsigned int”，可能丢失数据
  D:\PCL 1.8.1\include\pcl-1.8\pcl/visualization/impl/point_cloud_color_handlers.hpp(525): note: 编译类 模板 成员函数“bool pcl::visualization::PointCloudColorHandlerLabelField<pcl::PointXYZL>::getColor(vtkSmartPointer<vtkDataArray> &) const”时
  D:\PCL 1.8.1\include\pcl-1.8\pcl/visualization/pcl_visualizer.h(907): note: 参见对正在编译的类 模板 实例化“pcl::visualization::PointCloudColorHandlerLabelField<pcl::PointXYZL>”的引用
d:\用户目录\我的文档\visual studio 2015\projects\ba_edge\ba_edge\codelibrary/geometry/point_cloud/pca_estimate_normals.h(112): warning C4244: “参数”: 从“__int64”转换到“int”，可能丢失数据
  main.cpp(211): note: 参见对正在编译的函数 模板 实例化“void cl::geometry::point_cloud::PCAEstimateNormal<cl::Point3D<double>*>(Iterator,Iterator,cl::RVector3D *)”的引用
          with
          [
              Iterator=cl::Point3D<double> *
          ]
d:\用户目录\我的文档\visual studio 2015\projects\ba_edge\ba_edge\codelibrary/base/array.h(507): warning C4244: “初始化”: 从“__int64”转换到“int”，可能丢失数据
  d:\用户目录\我的文档\visual studio 2015\projects\ba_edge\ba_edge\codelibrary/base/array.h(370): note: 参见对正在编译的函数 模板 实例化“void cl::Array<int>::EmplaceBackAux<const T&>(const T &)”的引用
          with
          [
              T=int
          ]
  d:\用户目录\我的文档\visual studio 2015\projects\ba_edge\ba_edge\codelibrary/base/array.h(370): note: 参见对正在编译的函数 模板 实例化“void cl::Array<int>::EmplaceBackAux<const T&>(const T &)”的引用
          with
          [
              T=int
          ]
  d:\用户目录\我的文档\visual studio 2015\projects\ba_edge\ba_edge\codelibrary/base/array.h(368): note: 编译类 模板 成员函数“void cl::Array<int>::push_back(const T &)”时
          with
          [
              T=int
          ]
  d:\用户目录\我的文档\visual studio 2015\projects\ba_edge\ba_edge\codelibrary/util/set/disjoint_set.h(130): note: 参见对正在编译的函数 模板 实例化“void cl::Array<int>::push_back(const T &)”的引用
          with
          [
              T=int
          ]
d:\用户目录\我的文档\visual studio 2015\projects\ba_edge\ba_edge\codelibrary/geometry/point_cloud/grid_sample.h(52): warning C4244: “初始化”: 从“double”转换到“int”，可能丢失数据
  d:\用户目录\我的文档\visual studio 2015\projects\ba_edge\ba_edge\codelibrary/geometry/point_cloud/supervoxel_segmentation.h(262): note: 参见对正在编译的函数 模板 实例化“void cl::geometry::point_cloud::GridSample<const PointWithNormal*>(Iterator,Iterator,double,cl::Array<int> *)”的引用
          with
          [
              Iterator=const PointWithNormal *
          ]
  main.cpp(226): note: 参见对正在编译的函数 模板 实例化“void cl::geometry::point_cloud::SupervoxelSegmentation<PointWithNormal,VCCSMetric>(const cl::Array<PointWithNormal> &,const cl::Array<cl::Array<int>> &,double,const Metric &,cl::Array<int> *,cl::Array<int> *)”的引用
          with
          [
              Metric=VCCSMetric
          ]
d:\用户目录\我的文档\visual studio 2015\projects\ba_edge\ba_edge\codelibrary/geometry/point_cloud/grid_sample.h(53): warning C4244: “初始化”: 从“double”转换到“int”，可能丢失数据
d:\用户目录\我的文档\visual studio 2015\projects\ba_edge\ba_edge\codelibrary/geometry/point_cloud/grid_sample.h(54): warning C4244: “初始化”: 从“double”转换到“int”，可能丢失数据
d:\用户目录\我的文档\visual studio 2015\projects\ba_edge\ba_edge\codelibrary/geometry/point_cloud/grid_sample.h(63): warning C4244: “初始化”: 从“double”转换到“int”，可能丢失数据
d:\用户目录\我的文档\visual studio 2015\projects\ba_edge\ba_edge\codelibrary/geometry/point_cloud/grid_sample.h(64): warning C4244: “初始化”: 从“double”转换到“int”，可能丢失数据
d:\用户目录\我的文档\visual studio 2015\projects\ba_edge\ba_edge\codelibrary/geometry/point_cloud/grid_sample.h(65): warning C4244: “初始化”: 从“double”转换到“int”，可能丢失数据
d:\用户目录\我的文档\visual studio 2015\projects\ba_edge\ba_edge\codelibrary/base/array.h(97): warning C4244: “参数”: 从“__int64”转换到“int”，可能丢失数据
  d:\用户目录\我的文档\visual studio 2015\projects\ba_edge\ba_edge\codelibrary/statistics/kernel/median.h(27): note: 参见对正在编译的函数 模板 实例化“cl::Array<double>::Array<Iterator,void>(Iter,Iter)”的引用
          with
          [
              Iterator=double *,
              Iter=double *
          ]
  d:\用户目录\我的文档\visual studio 2015\projects\ba_edge\ba_edge\codelibrary/statistics/kernel/median.h(27): note: 参见对正在编译的函数 模板 实例化“cl::Array<double>::Array<Iterator,void>(Iter,Iter)”的引用
          with
          [
              Iterator=double *,
              Iter=double *
          ]
  d:\用户目录\我的文档\visual studio 2015\projects\ba_edge\ba_edge\codelibrary/geometry/point_cloud/supervoxel_segmentation.h(113): note: 参见对正在编译的函数 模板 实例化“const double cl::Median<double*>(Iterator,Iterator)”的引用
          with
          [
              Iterator=double *
          ]
  d:\用户目录\我的文档\visual studio 2015\projects\ba_edge\ba_edge\codelibrary/geometry/point_cloud/supervoxel_segmentation.h(264): note: 参见对正在编译的函数 模板 实例化“void cl::geometry::point_cloud::SupervoxelSegmentation<PointWithNormal,VCCSMetric>(const cl::Array<PointWithNormal> &,const cl::Array<cl::Array<int>> &,int,const Metric &,cl::Array<int> *,cl::Array<int> *)”的引用
          with
          [
              Metric=VCCSMetric
          ]
  正在生成代码
  28 of 1711 functions ( 1.6%) were compiled, the rest were copied from previous compilation.
    0 functions were new in current compilation
    44 functions had inline decision re-evaluated but remain unchanged
  已完成代码的生成
  BA_edge.vcxproj -> d:\用户目录\我的文档\visual studio 2015\Projects\BA_edge\x64\Release\BA_edge.exe
  BA_edge.vcxproj -> d:\用户目录\我的文档\visual studio 2015\Projects\BA_edge\x64\Release\BA_edge.pdb (Full PDB)
